<?xml version="1.0" encoding="UTF-8"?>
<!-- Generated by org.testng.reporters.JUnitXMLReporter -->
<testsuite ignored="0" hostname="Ranjit" failures="1" tests="1" name="Createjob" time="19.093" errors="0" timestamp="2020-11-24T19:43:57 IST">
  <testcase classname="testcase.Create_Job" name="loginapplication" time="0.033">
    <failure type="java.lang.NullPointerException" message="Cannot invoke &amp;quot;org.apache.poi.xssf.usermodel.XSSFRow.getCell(int)&amp;quot; because the return value of &amp;quot;org.apache.poi.xssf.usermodel.XSSFSheet.getRow(int)&amp;quot; is null">
      <![CDATA[java.lang.NullPointerException: Cannot invoke "org.apache.poi.xssf.usermodel.XSSFRow.getCell(int)" because the return value of "org.apache.poi.xssf.usermodel.XSSFSheet.getRow(int)" is null
at utility.Excelsheetdata.getstringdata(Excelsheetdata.java:26)
at testcase.Create_Job.loginapplication(Create_Job.java:22)
at java.base/java.util.ArrayList.forEach(ArrayList.java:1511)
... Removed 27 stack frames]]>
    </failure>
  </testcase> <!-- loginapplication -->
</testsuite> <!-- Createjob -->
